PG1211+143  183.573625   14.053639
PG1552+085  238.685740    8.372626
PG1259+593  195.303887   59.035208
PG1700+518  255.353333   51.822222
PG1411+442  213.451377   44.003878
PG1322+659  200.956325   65.696713
PG1440+356  220.5310975  35.4397006
PG1444+407  221.691407   40.584933
PG1535+547  234.1598370  54.5592249
PG1448+273  222.786513   27.157478
BD+25d4655  330.118217   26.508130
4L09        135.708825   53.276270
PG1402+261  211.317557   25.926148
BD+75d325   123.210383   74.913840
PG1617+175  245.0470360  17.4076943
PG1519+226  230.309410   22.462186
PG1543+489  236.376005   48.769187
Hz44        201.094142   36.038890
PG1404+226  211.591179   22.396172
PG1415+451  214.253450   44.935110
4L14        151.252771   28.836770
PG1226+023  187.2779154   2.0523883
4L16        152.749829   29.971770
Mrk493      239.790122   35.029857
MGC+06-26-012 174.807978 33.930883
LL23        143.528708   38.798860
BD+28d4211  327.988696   28.936830
HD93521     162.333033   37.474470
PG2130+099  323.1158880  10.1387381
PHL1811     328.7562758  -9.3734258
P4          335.801092   20.083640
ARK564      340.6639388  29.7253637
P1          234.371912    4.636640
PG2233+134  339.032005   13.732033
PG0026+129    7.307083   13.267778
BD+33d2642  238.170846   32.894260
PG0157+001   29.9592135   0.3946155
Feige110    350.220400   -5.075280
Feige66     189.556388   24.967910
G191B2B      76.719437   52.841000
PHL1092      24.9822916667 6.32291944444
Ark120       79.0475833333 -0.149827777778
PG0804+761   122.744166667 76.0451388889
PG0838+770   131.188791667 76.8860277778
CM02         130.423625 40.8771361111
CM03         136.616833333 43.7069583333
CM05         144.741583333 61.6721
CM04         145.040666667 45.8807833333
CM06         146.530416667 49.9035861111
CM01         154.094166667 47.1120361111
KUG1031+398  158.660833333 39.6411583333
4L03         117.976021  24.855490
PG2112+059   318.719125   6.128472
PG2112+059   313.628800   6.092130
IZW1          13.395585   12.693390
IZW1          12.620546   12.820360
PG0043+039    11.446750    4.173139
PG0844+349   131.926939   34.751223
4L01         115.966751   27.210972
IRAS04416+1215 71.119901  12.353255
PG1048+342   162.932902   33.990751
PG1119+120   170.4462613  11.7384069
PG1115+407   169.626134   40.431675
PG1126-041   172.319423   -4.402109
PG1126-041   172.634829   -0.479150
PG1244+026   191.646866    2.369108
4L06         128.972748    5.888083
14L11        131.726021   47.754130
CM05         147.878508   61.584760
PG1626+554   247.086942   55.329760
HE1029-1401  157.976250   -14.280833
Mrk509       311.040577   -10.723484
Mrk509       311.378275   -8.857810
Mrk335       1.834379     20.301450
Mrk1239      148.327900  -1.706580
IRAS13349    204.560358  24.28198
3c390        280.164550  79.791350
NGC7603      349.990162  0.351310
PG1116+215   170.056346  21.210320
PG1121+422   171.440258  41.912630
PG1229+204   188.269408  20.041220
PG1341+258   206.224342  25.543770
PG1435-067   219.834188  -7.058050
IC4329A      207.623513  -30.405930
PG1352+183   208.893713  17.988070
SDSSJ234054  355.486196  15.38465
SDSSJ224028  340.384383  -1.00848
IZW1         359.650337  37.229960
Mrk6         103.700142  74.398190
PG2308+098   348.090142  10.251040
PG0003+158   1.768721    16.279340
Mrk817       219.235258   58.703010
PG0003+158   1.919208     19.489810
CM01 	     142.526188   54.553020 
Mrk1239	     151.804671  -1.739150
PG1700+518   139.859371   46.518530
OI371 	     116.765179   31.662980
KAZ102	     270.849325   67.633970
SDSSJ094927  147.365326   31.686111
SDSSJ082015  125.065048   59.707893
PDS456       262.368038  -14.281250
PDS456       262.648688  -11.105490
PDS456       262.161271  -0.065210
PDS456       263.231217   30.633620
PDS456       262.411238  -12.900050
NED02        261.056725   34.274570
NGC4151      182.950850   39.263620
PG1545+210   237.205321   20.798000
PG1704+608   256.260925   60.705720
PG0934+013   144.575146   0.9855400
PG1011-040   153.586125  -4.3112140
PG1103-006   166.632375  -0.8812110
PG1307+085   197.445833   8.3300560
PG1354+213   209.136667   21.064556
PG1416-129   214.765917  -13.179083
PG1612+261   243.555000   26.071167